
> admin-web@0.1.0 dev
> next dev

 ⚠ Attempted to load /mnt/c/Users/USER-PC/IdeaProjects/staff-clocking-app/admin-web/node_modules/next/next-swc-fallback/@next/swc-linux-x64-gnu/next-swc.linux-x64-gnu.node, but it was not installed
 ⚠ Attempted to load /mnt/c/Users/USER-PC/IdeaProjects/staff-clocking-app/admin-web/node_modules/next/next-swc-fallback/@next/swc-linux-x64-musl/next-swc.linux-x64-musl.node, but it was not installed
 ⚠ Attempted to load @next/swc-linux-x64-gnu, but it was not installed
 ⚠ Attempted to load @next/swc-linux-x64-musl, but it was not installed
 ⚠ Warning: Next.js inferred your workspace root, but it may not be correct.
 We detected multiple lockfiles and selected the directory of /mnt/c/Users/USER-PC/IdeaProjects/staff-clocking-app/package-lock.json as the root directory.
 To silence this warning, set `outputFileTracingRoot` in your Next.js config, or consider removing one of the lockfiles if it's not needed.
   See https://nextjs.org/docs/app/api-reference/config/next-config-js/output#caveats for more information.
 Detected additional lockfiles: 
   * /mnt/c/Users/USER-PC/IdeaProjects/staff-clocking-app/admin-web/package-lock.json

 ⚠ Port 3000 is in use by an unknown process, using available port 3003 instead.
 ⚠ Attempted to load /mnt/c/Users/USER-PC/IdeaProjects/staff-clocking-app/admin-web/node_modules/next/next-swc-fallback/@next/swc-linux-x64-gnu/next-swc.linux-x64-gnu.node, but it was not installed
 ⚠ Attempted to load /mnt/c/Users/USER-PC/IdeaProjects/staff-clocking-app/admin-web/node_modules/next/next-swc-fallback/@next/swc-linux-x64-musl/next-swc.linux-x64-musl.node, but it was not installed
 ⚠ Attempted to load @next/swc-linux-x64-gnu, but it was not installed
 ⚠ Attempted to load @next/swc-linux-x64-musl, but it was not installed
   ▲ Next.js 15.5.3
   - Local:        http://localhost:3003
   - Network:      http://10.255.255.254:3003
   - Environments: .env.local

 ✓ Starting...
 ✓ Ready in 9.4s
[?25h
mpiling / ...
 ✓ Compiled / in 10.2s (650 modules)
 GET / 200 in 11231ms
 ✓ Compiled in 1107ms (247 modules)
 ✓ Compiled /favicon.ico in 356ms (411 modules)
 GET /favicon.ico 200 in 595ms
 ✓ Compiled /clockin in 415ms (651 modules)
 GET /clockin 200 in 746ms
[?25h
